e:\c projects\rescue apple 6.21\rescue\debug\vc140.pdb
e:\c projects\rescue apple 6.21\rescue\debug\vc140.idb
e:\c projects\rescue apple 6.21\rescue\debug\delete_wrong_wordlist.obj
e:\c projects\rescue apple 6.21\rescue\debug\game.obj
e:\c projects\rescue apple 6.21\rescue\debug\game_body.obj
e:\c projects\rescue apple 6.21\rescue\debug\load_game.obj
e:\c projects\rescue apple 6.21\rescue\debug\main.obj
e:\c projects\rescue apple 6.21\rescue\debug\main_interface.obj
e:\c projects\rescue apple 6.21\rescue\debug\outcome.obj
e:\c projects\rescue apple 6.21\rescue\debug\play_songs.obj
e:\c projects\rescue apple 6.21\rescue\debug\read_in_setting.obj
e:\c projects\rescue apple 6.21\rescue\debug\read_in_target_list.obj
e:\c projects\rescue apple 6.21\rescue\debug\rewrite_wrong_wordlist.obj
e:\c projects\rescue apple 6.21\rescue\debug\score_interface.obj
e:\c projects\rescue apple 6.21\rescue\debug\search_wordlist.obj
e:\c projects\rescue apple 6.21\rescue\debug\setting_interface.obj
e:\c projects\rescue apple 6.21\rescue\debug\sound_effect.obj
e:\c projects\rescue apple 6.21\rescue\debug\speed.obj
e:\c projects\rescue apple 6.21\rescue\debug\start_game.obj
e:\c projects\rescue apple 6.21\rescue\debug\welcome.obj
e:\c projects\rescue apple 6.21\rescue\debug\write_data_to_file.obj
e:\c projects\rescue apple 6.21\rescue\debug\write_in_data.obj
e:\c projects\rescue apple 6.21\rescue\debug\accuracy.obj
e:\c projects\rescue apple 6.21\rescue\debug\count_data_file_row.obj
e:\c projects\rescue apple 6.21\rescue\debug\count_wordlist_length.obj
e:\c projects\rescue apple 6.21\rescue\debug\create_all_wrodlist.obj
e:\c projects\rescue apple 6.21\rescue\debug\create_game_wordlist.obj
e:\c projects\rescue apple 6.21\rescue\debug\create_play_wordlist.obj
e:\c projects\rescue apple 6.21\rescue\debug\creat_data_array.obj
e:\c projects\rescue apple 6.21\rescue\debug\delete_target_wordlist.obj
e:\c projects\rescue apple 6.21\rescue\debug\delete_wordlist.obj
e:\c projects\rescue apple 6.21\debug\rescue.ilk
e:\c projects\rescue apple 6.21\debug\rescue.exe
e:\c projects\rescue apple 6.21\debug\rescue.pdb
e:\c projects\rescue apple 6.21\rescue\debug\rescue.tlog\cl.command.1.tlog
e:\c projects\rescue apple 6.21\rescue\debug\rescue.tlog\cl.read.1.tlog
e:\c projects\rescue apple 6.21\rescue\debug\rescue.tlog\cl.write.1.tlog
e:\c projects\rescue apple 6.21\rescue\debug\rescue.tlog\link.command.1.tlog
e:\c projects\rescue apple 6.21\rescue\debug\rescue.tlog\link.read.1.tlog
e:\c projects\rescue apple 6.21\rescue\debug\rescue.tlog\link.write.1.tlog
